/home/simba/.virtualenvs/QIP/lib/python3.12/site-packages/cotengra/hyperoptimizers/hyper.py:36: UserWarning: Couldn't import `kahypar` - skipping from default hyper optimizer and using basic `labels` method instead. `kahypar` is highly recommended for the best quality contraction paths.
  warnings.warn(
  p=0.0    seed=0 X@3: L= 1 maxS1=1.2928 (bond 2, S0=1.39, Sinf=0.84)
  p=0.0    seed=0 X@3: L= 2 maxS1=2.3568 (bond 2, S0=2.77, Sinf=1.60)
  p=0.0    seed=0 X@3: L= 3 maxS1=3.3965 (bond 4, S0=4.16, Sinf=2.01)
  p=0.0    seed=0 X@3: L= 4 maxS1=4.3226 (bond 4, S0=5.55, Sinf=2.86)
  p=0.0    seed=0 X@3: L= 5 maxS1=4.7107 (bond 4, S0=5.55, Sinf=3.29)
  p=0.0    seed=0 X@3: L= 6 maxS1=4.8312 (bond 4, S0=5.55, Sinf=3.56)
  p=0.0    seed=0 X@3: L= 7 maxS1=4.9341 (bond 4, S0=5.55, Sinf=3.82)
  p=0.0    seed=0 X@3: L= 8 maxS1=5.0192 (bond 4, S0=5.55, Sinf=4.12)
  p=0.0    seed=0 X@3: L= 9 maxS1=5.0400 (bond 4, S0=5.55, Sinf=4.20)
  p=0.0    seed=0 X@3: L=10 maxS1=5.0484 (bond 4, S0=5.55, Sinf=4.21)
  p=0.0    seed=0 Z@3: L= 1 maxS1=1.1904 (bond 2, S0=1.39, Sinf=0.70)
  p=0.0    seed=0 Z@3: L= 2 maxS1=2.2463 (bond 4, S0=2.77, Sinf=1.40)
  p=0.0    seed=0 Z@3: L= 3 maxS1=3.5144 (bond 4, S0=4.16, Sinf=2.46)
  p=0.0    seed=0 Z@3: L= 4 maxS1=4.4702 (bond 4, S0=5.55, Sinf=3.17)
  p=0.0    seed=0 Z@3: L= 5 maxS1=4.8327 (bond 4, S0=5.55, Sinf=3.72)
  p=0.0    seed=0 Z@3: L= 6 maxS1=4.9299 (bond 4, S0=5.55, Sinf=3.89)
  p=0.0    seed=0 Z@3: L= 7 maxS1=4.9899 (bond 4, S0=5.55, Sinf=4.05)
  p=0.0    seed=0 Z@3: L= 8 maxS1=5.0370 (bond 4, S0=5.55, Sinf=4.15)
  p=0.0    seed=0 Z@3: L= 9 maxS1=5.0456 (bond 4, S0=5.55, Sinf=4.20)
  p=0.0    seed=0 Z@3: L=10 maxS1=5.0447 (bond 4, S0=5.55, Sinf=4.21)
  p=0.0    seed=0 X@1: L= 1 maxS1=1.3598 (bond 2, S0=1.39, Sinf=1.06)
  p=0.0    seed=0 X@1: L= 2 maxS1=1.9916 (bond 2, S0=2.77, Sinf=1.37)
  p=0.0    seed=0 X@1: L= 3 maxS1=2.5692 (bond 2, S0=2.77, Sinf=1.80)
  p=0.0    seed=0 X@1: L= 4 maxS1=3.4547 (bond 4, S0=4.16, Sinf=2.32)
  p=0.0    seed=0 X@1: L= 5 maxS1=4.0929 (bond 4, S0=5.54, Sinf=2.90)
  p=0.0    seed=0 X@1: L= 6 maxS1=4.4227 (bond 4, S0=5.55, Sinf=3.28)
  p=0.0    seed=0 X@1: L= 7 maxS1=4.6997 (bond 4, S0=5.55, Sinf=3.54)
  p=0.0    seed=0 X@1: L= 8 maxS1=4.9730 (bond 4, S0=5.55, Sinf=3.94)
  p=0.0    seed=0 X@1: L= 9 maxS1=5.0175 (bond 4, S0=5.55, Sinf=4.07)
  p=0.0    seed=0 X@1: L=10 maxS1=5.0377 (bond 4, S0=5.55, Sinf=4.15)
  p=0.0    seed=1 X@3: L= 1 maxS1=1.1999 (bond 4, S0=1.39, Sinf=0.65)
  p=0.0    seed=1 X@3: L= 2 maxS1=2.1836 (bond 2, S0=2.77, Sinf=1.70)
  p=0.0    seed=1 X@3: L= 3 maxS1=3.1222 (bond 4, S0=4.16, Sinf=1.89)
  p=0.0    seed=1 X@3: L= 4 maxS1=3.9813 (bond 4, S0=5.55, Sinf=2.83)
  p=0.0    seed=1 X@3: L= 5 maxS1=4.6645 (bond 4, S0=5.55, Sinf=3.45)
  p=0.0    seed=1 X@3: L= 6 maxS1=4.9060 (bond 4, S0=5.55, Sinf=3.89)
  p=0.0    seed=1 X@3: L= 7 maxS1=4.9939 (bond 4, S0=5.55, Sinf=4.07)
  p=0.0    seed=1 X@3: L= 8 maxS1=5.0182 (bond 4, S0=5.55, Sinf=4.10)
  p=0.0    seed=1 X@3: L= 9 maxS1=5.0298 (bond 4, S0=5.55, Sinf=4.14)
  p=0.0    seed=1 X@3: L=10 maxS1=5.0391 (bond 4, S0=5.55, Sinf=4.18)
  p=0.0    seed=1 Z@3: L= 1 maxS1=1.3581 (bond 4, S0=1.39, Sinf=1.15)
  p=0.0    seed=1 Z@3: L= 2 maxS1=2.1233 (bond 4, S0=2.77, Sinf=1.40)
  p=0.0    seed=1 Z@3: L= 3 maxS1=3.2831 (bond 4, S0=4.16, Sinf=2.35)
  p=0.0    seed=1 Z@3: L= 4 maxS1=4.1096 (bond 4, S0=5.55, Sinf=2.91)
  p=0.0    seed=1 Z@3: L= 5 maxS1=4.7175 (bond 4, S0=5.55, Sinf=3.50)
  p=0.0    seed=1 Z@3: L= 6 maxS1=4.9360 (bond 4, S0=5.55, Sinf=3.91)
  p=0.0    seed=1 Z@3: L= 7 maxS1=5.0135 (bond 4, S0=5.54, Sinf=4.10)
  p=0.0    seed=1 Z@3: L= 8 maxS1=5.0268 (bond 4, S0=5.55, Sinf=4.16)
  p=0.0    seed=1 Z@3: L= 9 maxS1=5.0365 (bond 4, S0=5.55, Sinf=4.15)
  p=0.0    seed=1 Z@3: L=10 maxS1=5.0473 (bond 4, S0=5.55, Sinf=4.17)
  p=0.0    seed=1 X@1: L= 1 maxS1=1.2312 (bond 1, S0=1.39, Sinf=0.79)
  p=0.0    seed=1 X@1: L= 2 maxS1=2.1028 (bond 2, S0=2.77, Sinf=1.27)
  p=0.0    seed=1 X@1: L= 3 maxS1=2.2689 (bond 2, S0=2.77, Sinf=1.41)
  p=0.0    seed=1 X@1: L= 4 maxS1=3.0414 (bond 3, S0=4.16, Sinf=2.12)
  p=0.0    seed=1 X@1: L= 5 maxS1=4.0449 (bond 4, S0=5.55, Sinf=2.43)
  p=0.0    seed=1 X@1: L= 6 maxS1=4.5988 (bond 4, S0=5.55, Sinf=3.01)
  p=0.0    seed=1 X@1: L= 7 maxS1=4.8457 (bond 4, S0=5.55, Sinf=3.62)
  p=0.0    seed=1 X@1: L= 8 maxS1=4.9440 (bond 4, S0=5.55, Sinf=3.92)
  p=0.0    seed=1 X@1: L= 9 maxS1=4.9813 (bond 4, S0=5.55, Sinf=4.01)
  p=0.0    seed=1 X@1: L=10 maxS1=5.0243 (bond 4, S0=5.55, Sinf=4.14)
  p=0.01   seed=0 X@3: L= 1 maxS1=1.2956 (bond 2, S0=1.39, Sinf=0.85)
  p=0.01   seed=0 X@3: L= 2 maxS1=2.3525 (bond 2, S0=2.77, Sinf=1.61)
  p=0.01   seed=0 X@3: L= 3 maxS1=3.3294 (bond 4, S0=4.16, Sinf=1.87)
  p=0.01   seed=0 X@3: L= 4 maxS1=4.2351 (bond 4, S0=5.55, Sinf=2.71)
  p=0.01   seed=0 X@3: L= 5 maxS1=4.6361 (bond 4, S0=5.55, Sinf=3.14)
  p=0.01   seed=0 X@3: L= 6 maxS1=4.7726 (bond 4, S0=5.55, Sinf=3.43)
  p=0.01   seed=0 X@3: L= 7 maxS1=4.8917 (bond 4, S0=5.55, Sinf=3.67)
  p=0.01   seed=0 X@3: L= 8 maxS1=5.0048 (bond 4, S0=5.55, Sinf=4.04)
  p=0.01   seed=0 X@3: L= 9 maxS1=5.0328 (bond 4, S0=5.55, Sinf=4.17)
  p=0.01   seed=0 X@3: L=10 maxS1=5.0443 (bond 4, S0=5.55, Sinf=4.19)
  p=0.01   seed=0 Z@3: L= 1 maxS1=1.1956 (bond 2, S0=1.39, Sinf=0.72)
  p=0.01   seed=0 Z@3: L= 2 maxS1=2.2484 (bond 4, S0=2.77, Sinf=1.43)
  p=0.01   seed=0 Z@3: L= 3 maxS1=3.4942 (bond 4, S0=4.16, Sinf=2.44)
  p=0.01   seed=0 Z@3: L= 4 maxS1=4.4346 (bond 4, S0=5.55, Sinf=3.10)
  p=0.01   seed=0 Z@3: L= 5 maxS1=4.7987 (bond 4, S0=5.55, Sinf=3.60)
  p=0.01   seed=0 Z@3: L= 6 maxS1=4.9020 (bond 4, S0=5.55, Sinf=3.76)
  p=0.01   seed=0 Z@3: L= 7 maxS1=4.9689 (bond 4, S0=5.55, Sinf=3.92)
  p=0.01   seed=0 Z@3: L= 8 maxS1=5.0287 (bond 4, S0=5.55, Sinf=4.13)
  p=0.01   seed=0 Z@3: L= 9 maxS1=5.0417 (bond 4, S0=5.55, Sinf=4.20)
  p=0.01   seed=0 Z@3: L=10 maxS1=5.0427 (bond 4, S0=5.55, Sinf=4.20)
  p=0.01   seed=0 X@1: L= 1 maxS1=1.3609 (bond 2, S0=1.39, Sinf=1.07)
  p=0.01   seed=0 X@1: L= 2 maxS1=1.9899 (bond 2, S0=2.77, Sinf=1.35)
  p=0.01   seed=0 X@1: L= 3 maxS1=2.5624 (bond 2, S0=2.77, Sinf=1.79)
  p=0.01   seed=0 X@1: L= 4 maxS1=3.4020 (bond 4, S0=4.16, Sinf=2.19)
  p=0.01   seed=0 X@1: L= 5 maxS1=4.0377 (bond 4, S0=5.55, Sinf=2.76)
  p=0.01   seed=0 X@1: L= 6 maxS1=4.3716 (bond 4, S0=5.55, Sinf=3.13)
  p=0.01   seed=0 X@1: L= 7 maxS1=4.6569 (bond 4, S0=5.55, Sinf=3.41)
  p=0.01   seed=0 X@1: L= 8 maxS1=4.9540 (bond 4, S0=5.55, Sinf=3.80)
  p=0.01   seed=0 X@1: L= 9 maxS1=5.0058 (bond 4, S0=5.55, Sinf=3.97)
  p=0.01   seed=0 X@1: L=10 maxS1=5.0320 (bond 4, S0=5.55, Sinf=4.12)
  p=0.01   seed=1 X@3: L= 1 maxS1=1.1929 (bond 4, S0=1.39, Sinf=0.64)
  p=0.01   seed=1 X@3: L= 2 maxS1=2.1759 (bond 2, S0=2.77, Sinf=1.70)
  p=0.01   seed=1 X@3: L= 3 maxS1=3.0961 (bond 4, S0=4.16, Sinf=1.85)
  p=0.01   seed=1 X@3: L= 4 maxS1=3.9381 (bond 4, S0=5.55, Sinf=2.75)
  p=0.01   seed=1 X@3: L= 5 maxS1=4.6318 (bond 4, S0=5.55, Sinf=3.40)
  p=0.01   seed=1 X@3: L= 6 maxS1=4.8827 (bond 4, S0=5.55, Sinf=3.76)
  p=0.01   seed=1 X@3: L= 7 maxS1=4.9792 (bond 4, S0=5.55, Sinf=4.02)
  p=0.01   seed=1 X@3: L= 8 maxS1=5.0082 (bond 4, S0=5.54, Sinf=4.08)
  p=0.01   seed=1 X@3: L= 9 maxS1=5.0212 (bond 4, S0=5.55, Sinf=4.11)
  p=0.01   seed=1 X@3: L=10 maxS1=5.0347 (bond 4, S0=5.55, Sinf=4.17)
  p=0.01   seed=1 Z@3: L= 1 maxS1=1.3561 (bond 4, S0=1.39, Sinf=1.12)
  p=0.01   seed=1 Z@3: L= 2 maxS1=2.1131 (bond 4, S0=2.77, Sinf=1.37)
  p=0.01   seed=1 Z@3: L= 3 maxS1=3.2572 (bond 4, S0=4.16, Sinf=2.29)
  p=0.01   seed=1 Z@3: L= 4 maxS1=4.0616 (bond 4, S0=5.55, Sinf=2.75)
  p=0.01   seed=1 Z@3: L= 5 maxS1=4.6748 (bond 4, S0=5.55, Sinf=3.36)
  p=0.01   seed=1 Z@3: L= 6 maxS1=4.9092 (bond 4, S0=5.55, Sinf=3.79)
  p=0.01   seed=1 Z@3: L= 7 maxS1=4.9983 (bond 4, S0=5.55, Sinf=4.04)
  p=0.01   seed=1 Z@3: L= 8 maxS1=5.0179 (bond 4, S0=5.55, Sinf=4.10)
  p=0.01   seed=1 Z@3: L= 9 maxS1=5.0278 (bond 4, S0=5.55, Sinf=4.11)
  p=0.01   seed=1 Z@3: L=10 maxS1=5.0428 (bond 4, S0=5.55, Sinf=4.16)
  p=0.01   seed=1 X@1: L= 1 maxS1=1.2296 (bond 1, S0=1.39, Sinf=0.78)
  p=0.01   seed=1 X@1: L= 2 maxS1=2.0925 (bond 2, S0=2.77, Sinf=1.26)
  p=0.01   seed=1 X@1: L= 3 maxS1=2.2507 (bond 2, S0=2.77, Sinf=1.39)
  p=0.01   seed=1 X@1: L= 4 maxS1=2.9864 (bond 3, S0=4.16, Sinf=2.09)
  p=0.01   seed=1 X@1: L= 5 maxS1=3.9530 (bond 4, S0=5.55, Sinf=2.22)
  p=0.01   seed=1 X@1: L= 6 maxS1=4.5166 (bond 4, S0=5.55, Sinf=2.72)
  p=0.01   seed=1 X@1: L= 7 maxS1=4.7892 (bond 4, S0=5.55, Sinf=3.41)
  p=0.01   seed=1 X@1: L= 8 maxS1=4.9091 (bond 4, S0=5.55, Sinf=3.73)
  p=0.01   seed=1 X@1: L= 9 maxS1=4.9538 (bond 4, S0=5.55, Sinf=3.89)
  p=0.01   seed=1 X@1: L=10 maxS1=5.0098 (bond 4, S0=5.55, Sinf=4.09)
  p=0.02   seed=0 X@3: L= 1 maxS1=1.2984 (bond 2, S0=1.39, Sinf=0.85)
  p=0.02   seed=0 X@3: L= 2 maxS1=2.3463 (bond 2, S0=2.77, Sinf=1.63)
  p=0.02   seed=0 X@3: L= 3 maxS1=3.2516 (bond 4, S0=4.16, Sinf=1.74)
  p=0.02   seed=0 X@3: L= 4 maxS1=4.1305 (bond 4, S0=5.55, Sinf=2.54)
  p=0.02   seed=0 X@3: L= 5 maxS1=4.5425 (bond 4, S0=5.55, Sinf=2.98)
  p=0.02   seed=0 X@3: L= 6 maxS1=4.6954 (bond 4, S0=5.55, Sinf=3.27)
  p=0.02   seed=0 X@3: L= 7 maxS1=4.8311 (bond 4, S0=5.55, Sinf=3.45)
  p=0.02   seed=0 X@3: L= 8 maxS1=4.9787 (bond 4, S0=5.55, Sinf=3.84)
  p=0.02   seed=0 X@3: L= 9 maxS1=5.0164 (bond 4, S0=5.55, Sinf=4.02)
  p=0.02   seed=0 X@3: L=10 maxS1=5.0328 (bond 4, S0=5.55, Sinf=4.09)
  p=0.02   seed=0 Z@3: L= 1 maxS1=1.2007 (bond 2, S0=1.39, Sinf=0.73)
  p=0.02   seed=0 Z@3: L= 2 maxS1=2.2483 (bond 4, S0=2.77, Sinf=1.45)
  p=0.02   seed=0 Z@3: L= 3 maxS1=3.4673 (bond 4, S0=4.16, Sinf=2.37)
  p=0.02   seed=0 Z@3: L= 4 maxS1=4.3873 (bond 4, S0=5.55, Sinf=2.98)
  p=0.02   seed=0 Z@3: L= 5 maxS1=4.7515 (bond 4, S0=5.55, Sinf=3.42)
  p=0.02   seed=0 Z@3: L= 6 maxS1=4.8608 (bond 4, S0=5.55, Sinf=3.55)
  p=0.02   seed=0 Z@3: L= 7 maxS1=4.9352 (bond 4, S0=5.55, Sinf=3.67)
  p=0.02   seed=0 Z@3: L= 8 maxS1=5.0119 (bond 4, S0=5.55, Sinf=3.96)
  p=0.02   seed=0 Z@3: L= 9 maxS1=5.0309 (bond 4, S0=5.55, Sinf=4.16)
  p=0.02   seed=0 Z@3: L=10 maxS1=5.0349 (bond 4, S0=5.55, Sinf=4.16)
  p=0.02   seed=0 X@1: L= 1 maxS1=1.3619 (bond 2, S0=1.39, Sinf=1.08)
  p=0.02   seed=0 X@1: L= 2 maxS1=1.9871 (bond 2, S0=2.77, Sinf=1.34)
  p=0.02   seed=0 X@1: L= 3 maxS1=2.5535 (bond 2, S0=2.77, Sinf=1.77)
  p=0.02   seed=0 X@1: L= 4 maxS1=3.3413 (bond 4, S0=4.16, Sinf=2.06)
  p=0.02   seed=0 X@1: L= 5 maxS1=3.9706 (bond 4, S0=5.55, Sinf=2.61)
  p=0.02   seed=0 X@1: L= 6 maxS1=4.3052 (bond 4, S0=5.55, Sinf=2.92)
  p=0.02   seed=0 X@1: L= 7 maxS1=4.5968 (bond 4, S0=5.55, Sinf=3.18)
  p=0.02   seed=0 X@1: L= 8 maxS1=4.9204 (bond 4, S0=5.55, Sinf=3.60)
  p=0.02   seed=0 X@1: L= 9 maxS1=4.9825 (bond 4, S0=5.55, Sinf=3.78)
  p=0.02   seed=0 X@1: L=10 maxS1=5.0167 (bond 4, S0=5.55, Sinf=3.95)
  p=0.02   seed=1 X@3: L= 1 maxS1=1.1857 (bond 4, S0=1.39, Sinf=0.62)
  p=0.02   seed=1 X@3: L= 2 maxS1=2.1675 (bond 2, S0=2.77, Sinf=1.69)
  p=0.02   seed=1 X@3: L= 3 maxS1=3.0671 (bond 4, S0=4.16, Sinf=1.82)
  p=0.02   seed=1 X@3: L= 4 maxS1=3.8888 (bond 4, S0=5.55, Sinf=2.68)
  p=0.02   seed=1 X@3: L= 5 maxS1=4.5916 (bond 4, S0=5.55, Sinf=3.33)
  p=0.02   seed=1 X@3: L= 6 maxS1=4.8510 (bond 4, S0=5.55, Sinf=3.58)
  p=0.02   seed=1 X@3: L= 7 maxS1=4.9570 (bond 4, S0=5.55, Sinf=3.88)
  p=0.02   seed=1 X@3: L= 8 maxS1=4.9914 (bond 4, S0=5.55, Sinf=3.97)
  p=0.02   seed=1 X@3: L= 9 maxS1=5.0050 (bond 4, S0=5.55, Sinf=3.93)
  p=0.02   seed=1 X@3: L=10 maxS1=5.0233 (bond 4, S0=5.55, Sinf=4.08)
  p=0.02   seed=1 Z@3: L= 1 maxS1=1.3533 (bond 4, S0=1.39, Sinf=1.09)
  p=0.02   seed=1 Z@3: L= 2 maxS1=2.0998 (bond 4, S0=2.77, Sinf=1.34)
  p=0.02   seed=1 Z@3: L= 3 maxS1=3.2227 (bond 4, S0=4.16, Sinf=2.19)
  p=0.02   seed=1 Z@3: L= 4 maxS1=3.9990 (bond 4, S0=5.55, Sinf=2.57)
  p=0.02   seed=1 Z@3: L= 5 maxS1=4.6172 (bond 4, S0=5.55, Sinf=3.20)
  p=0.02   seed=1 Z@3: L= 6 maxS1=4.8688 (bond 4, S0=5.55, Sinf=3.61)
  p=0.02   seed=1 Z@3: L= 7 maxS1=4.9725 (bond 4, S0=5.55, Sinf=3.91)
  p=0.02   seed=1 Z@3: L= 8 maxS1=5.0005 (bond 4, S0=5.55, Sinf=3.97)
  p=0.02   seed=1 Z@3: L= 9 maxS1=5.0105 (bond 4, S0=5.55, Sinf=4.00)
  p=0.02   seed=1 Z@3: L=10 maxS1=5.0310 (bond 4, S0=5.55, Sinf=4.13)
  p=0.02   seed=1 X@1: L= 1 maxS1=1.2275 (bond 1, S0=1.39, Sinf=0.76)
  p=0.02   seed=1 X@1: L= 2 maxS1=2.0806 (bond 2, S0=2.71, Sinf=1.25)
  p=0.02   seed=1 X@1: L= 3 maxS1=2.2297 (bond 2, S0=2.77, Sinf=1.36)
  p=0.02   seed=1 X@1: L= 4 maxS1=2.9241 (bond 3, S0=4.16, Sinf=2.03)
  p=0.02   seed=1 X@1: L= 5 maxS1=3.8441 (bond 4, S0=5.55, Sinf=2.02)
  p=0.02   seed=1 X@1: L= 6 maxS1=4.4081 (bond 4, S0=5.55, Sinf=2.44)
  p=0.02   seed=1 X@1: L= 7 maxS1=4.7066 (bond 4, S0=5.55, Sinf=3.15)
  p=0.02   seed=1 X@1: L= 8 maxS1=4.8527 (bond 4, S0=5.55, Sinf=3.46)
  p=0.02   seed=1 X@1: L= 9 maxS1=4.9047 (bond 4, S0=5.55, Sinf=3.61)
  p=0.02   seed=1 X@1: L=10 maxS1=4.9784 (bond 4, S0=5.55, Sinf=3.85)
  p=0.03   seed=0 X@3: L= 1 maxS1=1.3011 (bond 2, S0=1.39, Sinf=0.86)
  p=0.03   seed=0 X@3: L= 2 maxS1=2.3380 (bond 2, S0=2.77, Sinf=1.64)
  p=0.03   seed=0 X@3: L= 3 maxS1=3.1632 (bond 4, S0=4.16, Sinf=1.60)
  p=0.03   seed=0 X@3: L= 4 maxS1=4.0089 (bond 4, S0=5.55, Sinf=2.37)
  p=0.03   seed=0 X@3: L= 5 maxS1=4.4289 (bond 4, S0=5.55, Sinf=2.80)
  p=0.03   seed=0 X@3: L= 6 maxS1=4.5969 (bond 4, S0=5.55, Sinf=3.06)
  p=0.03   seed=0 X@3: L= 7 maxS1=4.7478 (bond 4, S0=5.55, Sinf=3.16)
  p=0.03   seed=0 X@3: L= 8 maxS1=4.9347 (bond 4, S0=5.55, Sinf=3.57)
  p=0.03   seed=0 X@3: L= 9 maxS1=4.9848 (bond 4, S0=5.55, Sinf=3.75)
  p=0.03   seed=0 X@3: L=10 maxS1=5.0084 (bond 4, S0=5.55, Sinf=3.84)
  p=0.03   seed=0 Z@3: L= 1 maxS1=1.2055 (bond 2, S0=1.39, Sinf=0.75)
  p=0.03   seed=0 Z@3: L= 2 maxS1=2.2457 (bond 4, S0=2.77, Sinf=1.48)
  p=0.03   seed=0 Z@3: L= 3 maxS1=3.4327 (bond 4, S0=4.16, Sinf=2.28)
  p=0.03   seed=0 Z@3: L= 4 maxS1=4.3265 (bond 4, S0=5.55, Sinf=2.83)
  p=0.03   seed=0 Z@3: L= 5 maxS1=4.6885 (bond 4, S0=5.55, Sinf=3.20)
  p=0.03   seed=0 Z@3: L= 6 maxS1=4.8024 (bond 4, S0=5.55, Sinf=3.29)
  p=0.03   seed=0 Z@3: L= 7 maxS1=4.8839 (bond 4, S0=5.55, Sinf=3.38)
  p=0.03   seed=0 Z@3: L= 8 maxS1=4.9817 (bond 4, S0=5.55, Sinf=3.71)
  p=0.03   seed=0 Z@3: L= 9 maxS1=5.0088 (bond 4, S0=5.55, Sinf=3.94)
  p=0.03   seed=0 Z@3: L=10 maxS1=5.0173 (bond 4, S0=5.55, Sinf=3.98)
  p=0.03   seed=0 X@1: L= 1 maxS1=1.3626 (bond 2, S0=1.39, Sinf=1.09)
  p=0.03   seed=0 X@1: L= 2 maxS1=1.9830 (bond 2, S0=2.77, Sinf=1.33)
  p=0.03   seed=0 X@1: L= 3 maxS1=2.5425 (bond 2, S0=2.77, Sinf=1.74)
  p=0.03   seed=0 X@1: L= 4 maxS1=3.2828 (bond 3, S0=4.16, Sinf=2.19)
  p=0.03   seed=0 X@1: L= 5 maxS1=3.8905 (bond 4, S0=5.55, Sinf=2.46)
  p=0.03   seed=0 X@1: L= 6 maxS1=4.2207 (bond 4, S0=5.55, Sinf=2.69)
  p=0.03   seed=0 X@1: L= 7 maxS1=4.5149 (bond 4, S0=5.55, Sinf=2.92)
  p=0.03   seed=0 X@1: L= 8 maxS1=4.8656 (bond 4, S0=5.55, Sinf=3.37)
  p=0.03   seed=0 X@1: L= 9 maxS1=4.9403 (bond 4, S0=5.55, Sinf=3.49)
  p=0.03   seed=0 X@1: L=10 maxS1=4.9844 (bond 4, S0=5.55, Sinf=3.60)
  p=0.03   seed=1 X@3: L= 1 maxS1=1.1782 (bond 4, S0=1.39, Sinf=0.61)
  p=0.03   seed=1 X@3: L= 2 maxS1=2.1582 (bond 2, S0=2.77, Sinf=1.67)
  p=0.03   seed=1 X@3: L= 3 maxS1=3.0352 (bond 4, S0=4.16, Sinf=1.78)
  p=0.03   seed=1 X@3: L= 4 maxS1=3.8335 (bond 4, S0=5.55, Sinf=2.59)
  p=0.03   seed=1 X@3: L= 5 maxS1=4.5430 (bond 4, S0=5.55, Sinf=3.18)
  p=0.03   seed=1 X@3: L= 6 maxS1=4.8089 (bond 4, S0=5.55, Sinf=3.37)
  p=0.03   seed=1 X@3: L= 7 maxS1=4.9248 (bond 4, S0=5.55, Sinf=3.68)
  p=0.03   seed=1 X@3: L= 8 maxS1=4.9647 (bond 4, S0=5.55, Sinf=3.76)
  p=0.03   seed=1 X@3: L= 9 maxS1=4.9768 (bond 4, S0=5.55, Sinf=3.65)
  p=0.03   seed=1 X@3: L=10 maxS1=5.0004 (bond 4, S0=5.55, Sinf=3.83)
  p=0.03   seed=1 Z@3: L= 1 maxS1=1.3498 (bond 4, S0=1.39, Sinf=1.06)
  p=0.03   seed=1 Z@3: L= 2 maxS1=2.0833 (bond 4, S0=2.77, Sinf=1.31)
  p=0.03   seed=1 Z@3: L= 3 maxS1=3.1786 (bond 4, S0=4.16, Sinf=2.09)
  p=0.03   seed=1 Z@3: L= 4 maxS1=3.9206 (bond 4, S0=5.55, Sinf=2.39)
  p=0.03   seed=1 Z@3: L= 5 maxS1=4.5419 (bond 4, S0=5.55, Sinf=3.02)
  p=0.03   seed=1 Z@3: L= 6 maxS1=4.8106 (bond 4, S0=5.55, Sinf=3.40)
  p=0.03   seed=1 Z@3: L= 7 maxS1=4.9321 (bond 4, S0=5.55, Sinf=3.71)
  p=0.03   seed=1 Z@3: L= 8 maxS1=4.9701 (bond 4, S0=5.55, Sinf=3.75)
  p=0.03   seed=1 Z@3: L= 9 maxS1=4.9797 (bond 4, S0=5.55, Sinf=3.76)
  p=0.03   seed=1 Z@3: L=10 maxS1=5.0068 (bond 4, S0=5.55, Sinf=3.92)
  p=0.03   seed=1 X@1: L= 1 maxS1=1.2250 (bond 1, S0=1.39, Sinf=0.75)
  p=0.03   seed=1 X@1: L= 2 maxS1=2.0672 (bond 2, S0=2.77, Sinf=1.24)
  p=0.03   seed=1 X@1: L= 3 maxS1=2.2057 (bond 2, S0=2.77, Sinf=1.34)
  p=0.03   seed=1 X@1: L= 4 maxS1=2.8546 (bond 3, S0=4.16, Sinf=1.95)
  p=0.03   seed=1 X@1: L= 5 maxS1=3.7168 (bond 4, S0=5.55, Sinf=1.82)
  p=0.03   seed=1 X@1: L= 6 maxS1=4.2682 (bond 4, S0=5.55, Sinf=2.17)
  p=0.03   seed=1 X@1: L= 7 maxS1=4.5898 (bond 4, S0=5.55, Sinf=2.87)
  p=0.03   seed=1 X@1: L= 8 maxS1=4.7659 (bond 4, S0=5.55, Sinf=3.13)
  p=0.03   seed=1 X@1: L= 9 maxS1=4.8231 (bond 4, S0=5.55, Sinf=3.25)
  p=0.03   seed=1 X@1: L=10 maxS1=4.9187 (bond 4, S0=5.55, Sinf=3.48)
  p=0.05   seed=0 X@3: L= 1 maxS1=1.3063 (bond 2, S0=1.39, Sinf=0.87)
  p=0.05   seed=0 X@3: L= 2 maxS1=2.3147 (bond 2, S0=2.77, Sinf=1.66)
  p=0.05   seed=0 X@3: L= 3 maxS1=2.9566 (bond 4, S0=4.16, Sinf=1.36)
  p=0.05   seed=0 X@3: L= 4 maxS1=3.7199 (bond 4, S0=5.55, Sinf=2.05)
  p=0.05   seed=0 X@3: L= 5 maxS1=4.1445 (bond 4, S0=5.55, Sinf=2.44)
  p=0.05   seed=0 X@3: L= 6 maxS1=4.3317 (bond 4, S0=5.55, Sinf=2.56)
  p=0.05   seed=0 X@3: L= 7 maxS1=4.4953 (bond 4, S0=5.55, Sinf=2.56)
  p=0.05   seed=0 X@3: L= 8 maxS1=4.7586 (bond 4, S0=5.55, Sinf=2.93)
  p=0.05   seed=0 X@3: L= 9 maxS1=4.8344 (bond 4, S0=5.55, Sinf=3.01)
  p=0.05   seed=0 X@3: L=10 maxS1=4.8728 (bond 4, S0=5.55, Sinf=3.03)
  p=0.05   seed=0 Z@3: L= 1 maxS1=1.2144 (bond 2, S0=1.39, Sinf=0.78)
  p=0.05   seed=0 Z@3: L= 2 maxS1=2.2318 (bond 4, S0=2.77, Sinf=1.44)
  p=0.05   seed=0 Z@3: L= 3 maxS1=3.3373 (bond 4, S0=4.16, Sinf=2.05)
  p=0.05   seed=0 Z@3: L= 4 maxS1=4.1583 (bond 4, S0=5.55, Sinf=2.50)
  p=0.05   seed=0 Z@3: L= 5 maxS1=4.5046 (bond 4, S0=5.55, Sinf=2.75)
  p=0.05   seed=0 Z@3: L= 6 maxS1=4.6167 (bond 4, S0=5.55, Sinf=2.73)
  p=0.05   seed=0 Z@3: L= 7 maxS1=4.7018 (bond 4, S0=5.55, Sinf=2.73)
  p=0.05   seed=0 Z@3: L= 8 maxS1=4.8474 (bond 4, S0=5.55, Sinf=3.07)
  p=0.05   seed=0 Z@3: L= 9 maxS1=4.8929 (bond 4, S0=5.55, Sinf=3.17)
  p=0.05   seed=0 Z@3: L=10 maxS1=4.9138 (bond 4, S0=5.55, Sinf=3.23)
  p=0.05   seed=0 X@1: L= 1 maxS1=1.3635 (bond 2, S0=1.39, Sinf=1.11)
  p=0.05   seed=0 X@1: L= 2 maxS1=1.9708 (bond 2, S0=2.77, Sinf=1.30)
  p=0.05   seed=0 X@1: L= 3 maxS1=2.5137 (bond 2, S0=2.77, Sinf=1.69)
  p=0.05   seed=0 X@1: L= 4 maxS1=3.1542 (bond 3, S0=4.16, Sinf=1.99)
  p=0.05   seed=0 X@1: L= 5 maxS1=3.6895 (bond 4, S0=5.55, Sinf=2.14)
  p=0.05   seed=0 X@1: L= 6 maxS1=3.9882 (bond 4, S0=5.55, Sinf=2.24)
  p=0.05   seed=0 X@1: L= 7 maxS1=4.2688 (bond 4, S0=5.55, Sinf=2.37)
  p=0.05   seed=0 X@1: L= 8 maxS1=4.6614 (bond 4, S0=5.55, Sinf=2.86)
  p=0.05   seed=0 X@1: L= 9 maxS1=4.7588 (bond 4, S0=5.55, Sinf=2.79)
  p=0.05   seed=0 X@1: L=10 maxS1=4.8141 (bond 4, S0=5.55, Sinf=2.72)
  p=0.05   seed=1 X@3: L= 1 maxS1=1.1623 (bond 4, S0=1.39, Sinf=0.59)
  p=0.05   seed=1 X@3: L= 2 maxS1=2.1373 (bond 2, S0=2.77, Sinf=1.59)
  p=0.05   seed=1 X@3: L= 3 maxS1=2.9635 (bond 4, S0=4.16, Sinf=1.73)
  p=0.05   seed=1 X@3: L= 4 maxS1=3.7048 (bond 4, S0=5.55, Sinf=2.38)
  p=0.05   seed=1 X@3: L= 5 maxS1=4.4165 (bond 4, S0=5.55, Sinf=2.85)
  p=0.05   seed=1 X@3: L= 6 maxS1=4.6832 (bond 4, S0=5.55, Sinf=2.92)
  p=0.05   seed=1 X@3: L= 7 maxS1=4.8141 (bond 4, S0=5.55, Sinf=3.18)
  p=0.05   seed=1 X@3: L= 8 maxS1=4.8601 (bond 4, S0=5.55, Sinf=3.16)
  p=0.05   seed=1 X@3: L= 9 maxS1=4.8495 (bond 4, S0=5.55, Sinf=2.92)
  p=0.05   seed=1 X@3: L=10 maxS1=4.8780 (bond 4, S0=5.55, Sinf=3.13)
  p=0.05   seed=1 Z@3: L= 1 maxS1=1.3405 (bond 4, S0=1.39, Sinf=1.00)
  p=0.05   seed=1 Z@3: L= 2 maxS1=2.0402 (bond 4, S0=2.77, Sinf=1.26)
  p=0.05   seed=1 Z@3: L= 3 maxS1=3.0608 (bond 4, S0=4.16, Sinf=1.89)
  p=0.05   seed=1 Z@3: L= 4 maxS1=3.7140 (bond 4, S0=5.55, Sinf=2.03)
  p=0.05   seed=1 Z@3: L= 5 maxS1=4.3295 (bond 4, S0=5.55, Sinf=2.64)
  p=0.05   seed=1 Z@3: L= 6 maxS1=4.6227 (bond 4, S0=5.55, Sinf=2.92)
  p=0.05   seed=1 Z@3: L= 7 maxS1=4.7853 (bond 4, S0=5.55, Sinf=3.20)
  p=0.05   seed=1 Z@3: L= 8 maxS1=4.8440 (bond 4, S0=5.55, Sinf=3.15)
  p=0.05   seed=1 Z@3: L= 9 maxS1=4.8427 (bond 4, S0=5.55, Sinf=3.06)
  p=0.05   seed=1 Z@3: L=10 maxS1=4.8801 (bond 4, S0=5.55, Sinf=3.20)
  p=0.05   seed=1 X@1: L= 1 maxS1=1.2188 (bond 1, S0=1.39, Sinf=0.72)
  p=0.05   seed=1 X@1: L= 2 maxS1=2.0357 (bond 2, S0=2.77, Sinf=1.22)
  p=0.05   seed=1 X@1: L= 3 maxS1=2.1498 (bond 2, S0=2.77, Sinf=1.30)
  p=0.05   seed=1 X@1: L= 4 maxS1=2.6956 (bond 3, S0=4.16, Sinf=1.74)
  p=0.05   seed=1 X@1: L= 5 maxS1=3.4057 (bond 4, S0=5.55, Sinf=1.45)
  p=0.05   seed=1 X@1: L= 6 maxS1=3.8821 (bond 4, S0=5.55, Sinf=1.66)
  p=0.05   seed=1 X@1: L= 7 maxS1=4.2303 (bond 4, S0=5.55, Sinf=2.32)
  p=0.05   seed=1 X@1: L= 8 maxS1=4.4672 (bond 4, S0=5.55, Sinf=2.48)
  p=0.05   seed=1 X@1: L= 9 maxS1=4.5155 (bond 4, S0=5.55, Sinf=2.51)
  p=0.05   seed=1 X@1: L=10 maxS1=4.6565 (bond 4, S0=5.55, Sinf=2.70)
  p=0.1    seed=0 X@3: L= 1 maxS1=1.3183 (bond 2, S0=1.39, Sinf=0.91)
  p=0.1    seed=0 X@3: L= 2 maxS1=2.2131 (bond 2, S0=2.77, Sinf=1.48)
  p=0.1    seed=0 X@3: L= 3 maxS1=2.3250 (bond 4, S0=4.16, Sinf=0.86)
  p=0.1    seed=0 X@3: L= 4 maxS1=2.8800 (bond 4, S0=5.55, Sinf=1.43)
  p=0.1    seed=0 X@3: L= 5 maxS1=3.2683 (bond 4, S0=5.55, Sinf=1.67)
  p=0.1    seed=0 X@3: L= 6 maxS1=3.3849 (bond 4, S0=5.55, Sinf=1.53)
  p=0.1    seed=0 X@3: L= 7 maxS1=3.3793 (bond 4, S0=5.55, Sinf=1.35)
  p=0.1    seed=0 X@3: L= 8 maxS1=3.5780 (bond 4, S0=5.55, Sinf=1.53)
  p=0.1    seed=0 X@3: L= 9 maxS1=3.5519 (bond 4, S0=5.55, Sinf=1.41)
  p=0.1    seed=0 X@3: L=10 maxS1=3.4165 (bond 4, S0=5.55, Sinf=1.26)
  p=0.1    seed=0 Z@3: L= 1 maxS1=1.2323 (bond 2, S0=1.39, Sinf=0.87)
  p=0.1    seed=0 Z@3: L= 2 maxS1=2.1922 (bond 2, S0=2.77, Sinf=1.46)
  p=0.1    seed=0 Z@3: L= 3 maxS1=2.9274 (bond 4, S0=4.16, Sinf=1.45)
  p=0.1    seed=0 Z@3: L= 4 maxS1=3.4660 (bond 4, S0=5.55, Sinf=1.73)
  p=0.1    seed=0 Z@3: L= 5 maxS1=3.6887 (bond 4, S0=5.55, Sinf=1.76)
  p=0.1    seed=0 Z@3: L= 6 maxS1=3.6594 (bond 4, S0=5.55, Sinf=1.52)
  p=0.1    seed=0 Z@3: L= 7 maxS1=3.5958 (bond 4, S0=5.55, Sinf=1.42)
  p=0.1    seed=0 Z@3: L= 8 maxS1=3.7019 (bond 4, S0=5.55, Sinf=1.53)
  p=0.1    seed=0 Z@3: L= 9 maxS1=3.6320 (bond 4, S0=5.55, Sinf=1.36)
  p=0.1    seed=0 Z@3: L=10 maxS1=3.5258 (bond 4, S0=5.55, Sinf=1.28)
  p=0.1    seed=0 X@1: L= 1 maxS1=1.3620 (bond 2, S0=1.39, Sinf=1.15)
  p=0.1    seed=0 X@1: L= 2 maxS1=1.9156 (bond 2, S0=2.77, Sinf=1.22)
  p=0.1    seed=0 X@1: L= 3 maxS1=2.3999 (bond 2, S0=2.77, Sinf=1.48)
  p=0.1    seed=0 X@1: L= 4 maxS1=2.7159 (bond 3, S0=4.16, Sinf=1.47)
  p=0.1    seed=0 X@1: L= 5 maxS1=3.0116 (bond 3, S0=4.16, Sinf=1.72)
  p=0.1    seed=0 X@1: L= 6 maxS1=3.0811 (bond 4, S0=5.55, Sinf=1.35)
  p=0.1    seed=0 X@1: L= 7 maxS1=3.2266 (bond 4, S0=5.55, Sinf=1.36)
  p=0.1    seed=0 X@1: L= 8 maxS1=3.5643 (bond 4, S0=5.55, Sinf=1.75)
  p=0.1    seed=0 X@1: L= 9 maxS1=3.5615 (bond 4, S0=5.55, Sinf=1.43)
  p=0.1    seed=0 X@1: L=10 maxS1=3.3184 (bond 4, S0=5.55, Sinf=1.11)
  p=0.1    seed=1 X@3: L= 1 maxS1=1.1297 (bond 3, S0=1.39, Sinf=0.58)
  p=0.1    seed=1 X@3: L= 2 maxS1=2.0694 (bond 2, S0=2.77, Sinf=1.37)
  p=0.1    seed=1 X@3: L= 3 maxS1=2.7462 (bond 4, S0=4.16, Sinf=1.64)
  p=0.1    seed=1 X@3: L= 4 maxS1=3.2884 (bond 4, S0=5.55, Sinf=1.83)
  p=0.1    seed=1 X@3: L= 5 maxS1=3.8897 (bond 4, S0=5.55, Sinf=1.98)
  p=0.1    seed=1 X@3: L= 6 maxS1=3.9984 (bond 4, S0=5.55, Sinf=1.84)
  p=0.1    seed=1 X@3: L= 7 maxS1=4.0322 (bond 4, S0=5.55, Sinf=1.89)
  p=0.1    seed=1 X@3: L= 8 maxS1=3.8935 (bond 4, S0=5.55, Sinf=1.58)
  p=0.1    seed=1 X@3: L= 9 maxS1=3.4571 (bond 4, S0=5.54, Sinf=1.20)
  p=0.1    seed=1 X@3: L=10 maxS1=3.3741 (bond 4, S0=5.55, Sinf=1.45)
  p=0.1    seed=1 Z@3: L= 1 maxS1=1.3026 (bond 4, S0=1.39, Sinf=0.86)
  p=0.1    seed=1 Z@3: L= 2 maxS1=1.8734 (bond 4, S0=2.77, Sinf=1.13)
  p=0.1    seed=1 Z@3: L= 3 maxS1=2.6160 (bond 4, S0=4.16, Sinf=1.43)
  p=0.1    seed=1 Z@3: L= 4 maxS1=2.9788 (bond 4, S0=5.55, Sinf=1.31)
  p=0.1    seed=1 Z@3: L= 5 maxS1=3.4711 (bond 4, S0=5.55, Sinf=1.76)
  p=0.1    seed=1 Z@3: L= 6 maxS1=3.6943 (bond 4, S0=5.55, Sinf=1.87)
  p=0.1    seed=1 Z@3: L= 7 maxS1=3.9003 (bond 4, S0=5.55, Sinf=2.00)
  p=0.1    seed=1 Z@3: L= 8 maxS1=3.8713 (bond 4, S0=5.55, Sinf=1.70)
  p=0.1    seed=1 Z@3: L= 9 maxS1=3.6355 (bond 4, S0=5.54, Sinf=1.50)
  p=0.1    seed=1 Z@3: L=10 maxS1=3.5655 (bond 4, S0=5.55, Sinf=1.63)
  p=0.1    seed=1 X@1: L= 1 maxS1=1.1955 (bond 1, S0=1.39, Sinf=0.65)
  p=0.1    seed=1 X@1: L= 2 maxS1=1.9309 (bond 2, S0=2.77, Sinf=1.16)
  p=0.1    seed=1 X@1: L= 3 maxS1=1.9759 (bond 2, S0=2.77, Sinf=1.23)
  p=0.1    seed=1 X@1: L= 4 maxS1=2.4069 (bond 2, S0=2.77, Sinf=1.46)
  p=0.1    seed=1 X@1: L= 5 maxS1=2.3982 (bond 4, S0=5.55, Sinf=0.75)
  p=0.1    seed=1 X@1: L= 6 maxS1=2.5152 (bond 4, S0=5.55, Sinf=0.79)
  p=0.1    seed=1 X@1: L= 7 maxS1=2.8828 (bond 4, S0=5.55, Sinf=1.36)
  p=0.1    seed=1 X@1: L= 8 maxS1=3.1893 (bond 4, S0=5.55, Sinf=1.30)
  p=0.1    seed=1 X@1: L= 9 maxS1=3.1161 (bond 3, S0=4.16, Sinf=1.71)
  p=0.1    seed=1 X@1: L=10 maxS1=3.2502 (bond 4, S0=5.55, Sinf=1.36)
WROTE loe_measurement/loe_N8_Lmax10_seeds2_exact.json (360 records)
