\BOOKMARK [0][-]{section*.2}{\376\377\000L\000e\000a\000r\000n\000i\000n\000g\000\040\000a\000n\000d\000\040\000C\000o\000m\000p\000r\000e\000s\000s\000i\000n\000g\000\040\000a\000\040\000Q\000u\000a\000n\000t\000u\000m\000\040\000C\000i\000r\000c\000u\000i\000t\000\040\000w\000i\000t\000h\000\040\000P\000a\000r\000a\000m\000e\000t\000r\000i\000z\000e\000d\000\040\000Q\000u\000a\000n\000t\000u\000m\000\040\000C\000i\000r\000c\000u\000i\000t\000s}{}% 2
\BOOKMARK [1][-]{section*.1}{\376\377\000A\000b\000s\000t\000r\000a\000c\000t}{section*.2}% 1
\BOOKMARK [1][-]{section*.3}{\376\377\000I\000n\000t\000r\000o\000d\000u\000c\000t\000i\000o\000n}{section*.2}% 3
\BOOKMARK [2][-]{section*.4}{\376\377\000M\000o\000t\000i\000v\000a\000t\000i\000o\000n\000:\000\040\000c\000h\000a\000r\000a\000c\000t\000e\000r\000i\000z\000i\000n\000g\000\040\000n\000o\000i\000s\000y\000\040\000q\000u\000a\000n\000t\000u\000m\000\040\000p\000r\000o\000c\000e\000s\000s\000e\000s\000\040\000i\000n\000\040\000t\000h\000e\000\040\000N\000I\000S\000Q\000\040\000e\000r\000a}{section*.3}% 4
\BOOKMARK [2][-]{section*.5}{\376\377\000V\000a\000r\000i\000a\000t\000i\000o\000n\000a\000l\000\040\000q\000u\000a\000n\000t\000u\000m\000\040\000m\000a\000c\000h\000i\000n\000e\000\040\000l\000e\000a\000r\000n\000i\000n\000g\000\040\000a\000s\000\040\000a\000\040\000c\000h\000a\000n\000n\000e\000l\000\040\000m\000o\000d\000e\000l}{section*.3}% 5
\BOOKMARK [2][-]{section*.6}{\376\377\000L\000e\000a\000r\000n\000i\000n\000g\000\040\000i\000n\000\040\000t\000h\000e\000\040\000o\000p\000e\000r\000a\000t\000o\000r\000\040\000b\000a\000s\000i\000s\000\040\000v\000i\000a\000\040\000t\000h\000e\000\040\000P\000a\000u\000l\000i\000\040\000T\000r\000a\000n\000s\000f\000e\000r\000\040\000M\000a\000t\000r\000i\000x}{section*.3}% 6
\BOOKMARK [2][-]{section*.7}{\376\377\000C\000o\000n\000t\000r\000i\000b\000u\000t\000i\000o\000n\000s\000\040\000o\000f\000\040\000t\000h\000i\000s\000\040\000w\000o\000r\000k}{section*.3}% 7
\BOOKMARK [2][-]{section*.8}{\376\377\000O\000u\000t\000l\000i\000n\000e}{section*.3}% 8
\BOOKMARK [1][-]{section*.9}{\376\377\000T\000h\000e\000o\000r\000e\000t\000i\000c\000a\000l\000\040\000D\000e\000f\000i\000n\000i\000t\000i\000o\000n\000s}{section*.2}% 9
\BOOKMARK [2][-]{section*.10}{\376\377\000P\000r\000o\000b\000l\000e\000m\000\040\000s\000t\000a\000t\000e\000m\000e\000n\000t}{section*.9}% 10
\BOOKMARK [2][-]{section*.11}{\376\377\000W\000h\000y\000\040\000t\000h\000e\000\040\000d\000i\000a\000m\000o\000n\000d\000\040\000d\000i\000s\000t\000a\000n\000c\000e\000\040\000i\000s\000\040\000n\000o\000t\000\040\000u\000s\000e\000d\000\040\000a\000s\000\040\000t\000h\000e\000\040\000t\000r\000a\000i\000n\000i\000n\000g\000\040\000l\000o\000s\000s}{section*.9}% 11
\BOOKMARK [2][-]{section*.12}{\376\377\000P\000a\000u\000l\000i\000\040\000t\000r\000a\000n\000s\000f\000e\000r\000\040\000m\000a\000t\000r\000i\000x\000\040\000a\000n\000d\000\040\000F\000r\000o\000b\000e\000n\000i\000u\000s\000\040\000l\000o\000s\000s}{section*.9}% 12
\BOOKMARK [2][-]{section*.13}{\376\377\000R\000e\000l\000a\000t\000i\000o\000n\000\040\000t\000o\000\040\000t\000h\000e\000\040\000d\000i\000a\000m\000o\000n\000d\000\040\000d\000i\000s\000t\000a\000n\000c\000e}{section*.9}% 13
\BOOKMARK [2][-]{section*.14}{\376\377\000T\000r\000a\000i\000n\000i\000n\000g\000\040\000l\000o\000s\000s\000\040\000a\000n\000d\000\040\000i\000t\000s\000\040\000f\000i\000n\000i\000t\000e\000-\000s\000a\000m\000p\000l\000e\000\040\000e\000s\000t\000i\000m\000a\000t\000o\000r}{section*.9}% 14
\BOOKMARK [1][-]{section*.15}{\376\377\000B\000o\000u\000n\000d\000i\000n\000g\000\040\000t\000h\000e\000\040\000l\000o\000s\000s\000\040\000f\000o\000r\000\040\000P\000Q\000C\000\040\000w\000i\000t\000h\000\040\000t\000h\000e\000\040\000n\000u\000m\000b\000e\000r\000\040\000o\000f\000\040\000t\000r\000a\000i\000n\000i\000n\000g\000\040\000s\000a\000m\000p\000l\000e\000s}{section*.2}% 15
\BOOKMARK [1][-]{section*.16}{\376\377\000L\000e\000a\000r\000n\000a\000b\000i\000l\000i\000t\000y\000\040\000a\000n\000d\000\040\000L\000o\000c\000a\000l\000-\000o\000p\000e\000r\000a\000t\000o\000r\000\040\000E\000n\000t\000a\000n\000g\000l\000e\000m\000e\000n\000t\000\040\000a\000n\000d\000\040\000F\000r\000o\000b\000e\000n\000i\000u\000s\000\040\000D\000i\000s\000t\000a\000n\000c\000e}{section*.2}% 16
\BOOKMARK [2][-]{section*.17}{\376\377\000L\000o\000c\000a\000l\000-\000o\000p\000e\000r\000a\000t\000o\000r\000\040\000E\000n\000t\000a\000n\000g\000l\000e\000m\000e\000n\000t\000\040\000a\000n\000d\000\040\000F\000r\000o\000b\000e\000n\000i\000u\000s\000\040\000D\000i\000s\000t\000a\000n\000c\000e}{section*.16}% 17
\BOOKMARK [2][-]{section*.18}{\376\377\000A\000\040\000l\000o\000w\000e\000r\000\040\000b\000o\000u\000n\000d\000\040\000o\000n\000\040\000A\000-\000B\000F\000\040\000f\000r\000o\000m\000\040\000L\000O\000E\000\040\000m\000i\000s\000m\000a\000t\000c\000h}{section*.16}% 18
\BOOKMARK [3][-]{section*.20}{\376\377\000P\000a\000u\000l\000i\000-\000w\000e\000i\000g\000h\000t\000\040\000c\000o\000n\000t\000r\000o\000l\000\040\000o\000f\000\040\000t\000h\000e\000\040\000F\000r\000o\000b\000e\000n\000i\000u\000s\000\040\000n\000o\000r\000m}{section*.18}% 19
\BOOKMARK [3][-]{section*.22}{\376\377\000J\000o\000i\000n\000t\000\040\000L\000O\000E\040\023\000w\000e\000i\000g\000h\000t\000\040\000b\000o\000u\000n\000d\000\040\000a\000n\000d\000\040\000c\000o\000n\000n\000e\000c\000t\000i\000o\000n\000\040\000t\000o\000\040\000t\000h\000e\000\040\000p\000e\000a\000k\000\040\000l\000o\000c\000a\000t\000i\000o\000n}{section*.18}% 20
\BOOKMARK [1][-]{section*.23}{\376\377\000P\000a\000r\000a\000m\000e\000t\000r\000i\000z\000e\000d\000\040\000Q\000u\000a\000n\000t\000u\000m\000\040\000C\000i\000r\000c\000u\000i\000t\000\040\000S\000t\000r\000u\000c\000t\000u\000r\000e}{section*.2}% 21
\BOOKMARK [2][-]{section*.25}{\376\377\000L\000e\000a\000r\000n\000i\000n\000g\000\040\000a\000n\000d\000\040\000C\000o\000m\000p\000r\000e\000s\000s\000i\000n\000g\000\040\000Q\000u\000a\000n\000t\000u\000m\000\040\000C\000i\000r\000c\000u\000i\000t\000\040\000w\000i\000t\000h\000\040\000A\000n\000s\000a\000t\000z\000\040\000P\000Q\000C}{section*.23}% 22
\BOOKMARK [2][-]{section*.26}{\376\377\000T\000r\000a\000i\000n\000i\000n\000g\000\040\000D\000a\000t\000a\000s\000e\000t\000\040\000G\000e\000n\000e\000r\000a\000t\000i\000o\000n}{section*.23}% 23
\BOOKMARK [2][-]{section*.27}{\376\377\000W\000e\000i\000g\000h\000t\000-\0001\000\040\000s\000u\000f\000f\000i\000c\000i\000e\000n\000c\000y\000\040\000i\000n\000\040\000t\000h\000e\000\040\000i\000n\000t\000e\000r\000m\000e\000d\000i\000a\000t\000e\000-\000n\000o\000i\000s\000e\000\040\000r\000e\000g\000i\000m\000e}{section*.23}% 24
\BOOKMARK [2][-]{section*.30}{\376\377\000N\000u\000m\000e\000r\000i\000c\000a\000l\000\040\000J\000u\000s\000t\000i\000f\000i\000c\000a\000t\000i\000o\000n\000\040\000o\000f\000\040\000u\000s\000i\000n\000g\000\040\000W\000e\000i\000g\000h\000t\000-\0001\000\040\000P\000a\000u\000l\000i\000\040\000S\000t\000r\000i\000n\000g\000s}{section*.23}% 25
\BOOKMARK [1][-]{section*.32}{\376\377\000C\000o\000m\000p\000r\000e\000s\000s\000i\000n\000g\000\040\000H\000a\000r\000r\000\040\000R\000a\000n\000d\000o\000m\000\040\000U\000n\000i\000t\000a\000r\000i\000e\000s\000\040\000w\000i\000t\000h\000\040\000N\000o\000i\000s\000e}{section*.2}% 26
\BOOKMARK [2][-]{section*.33}{\376\377\000E\000x\000a\000c\000t\000\040\000C\000h\000a\000n\000n\000e\000l\000\040\000L\000e\000a\000r\000n\000i\000n\000g\000\040\000f\000o\000r\000\040\0008\000\040\000S\000i\000t\000e\000s}{section*.32}% 27
\BOOKMARK [2][-]{section*.37}{\376\377\000C\000o\000m\000p\000r\000e\000s\000s\000i\000n\000g\000\040\000a\000\040\000Q\000u\000a\000n\000t\000u\000m\000\040\000C\000i\000r\000c\000u\000i\000t\000\040\000w\000i\000t\000h\000\040\0001\0002\000\040\000s\000i\000t\000e\000s}{section*.32}% 28
\BOOKMARK [2][-]{section*.40}{\376\377\000C\000o\000m\000p\000r\000e\000s\000s\000i\000n\000g\000\040\000a\000\040\000Q\000u\000a\000n\000t\000u\000m\000\040\000C\000i\000r\000c\000u\000i\000t\000\040\000w\000i\000t\000h\000\040\0003\0000\000\040\000s\000i\000t\000e\000s}{section*.32}% 29
\BOOKMARK [2][-]{section*.42}{\376\377\000Q\000u\000a\000n\000t\000u\000m\000\040\000C\000h\000a\000n\000n\000e\000l\000\040\000L\000e\000a\000r\000n\000i\000n\000g\000\040\000w\000i\000t\000h\000\040\000s\000m\000a\000l\000l\000\040\000d\000e\000p\000o\000l\000a\000r\000i\000z\000i\000n\000g\000\040\000n\000o\000i\000s\000e}{section*.32}% 30
\BOOKMARK [1][-]{section*.44}{\376\377\000T\000h\000e\000o\000r\000e\000t\000i\000c\000a\000l\000\040\000P\000r\000e\000d\000i\000c\000t\000i\000o\000n\000\040\000o\000n\000\040\000t\000h\000e\000\040\000l\000o\000c\000a\000t\000i\000o\000n\000\040\000o\000f\000\040\000t\000h\000e\000\040\000p\000e\000a\000k}{section*.2}% 31
\BOOKMARK [2][-]{section*.45}{\376\377\000S\000t\000r\000i\000c\000t\000\040\000L\000o\000w\000e\000r\000\040\000B\000o\000u\000n\000d}{section*.44}% 32
\BOOKMARK [2][-]{section*.46}{\376\377\000T\000a\000r\000g\000e\000t\000\040\000m\000a\000x\000-\000L\000O\000E\000\040\000a\000n\000s\000a\000t\000z}{section*.44}% 33
\BOOKMARK [2][-]{section*.48}{\376\377\000T\000a\000r\000g\000e\000t\000\040\000a\000n\000d\000\040\000m\000o\000d\000e\000l\000\040\000F\000r\000o\000b\000e\000n\000i\000u\000s\000-\000n\000o\000r\000m\000\040\000p\000r\000o\000f\000i\000l\000e\000s}{section*.44}% 34
\BOOKMARK [2][-]{section*.49}{\376\377\000L\000e\000a\000r\000n\000i\000n\000g\000-\000l\000o\000s\000s\000\040\000p\000e\000a\000k\000\040\000f\000r\000o\000m\000\040\000t\000h\000e\000\040\000j\000o\000i\000n\000t\000\040\000L\000O\000E\040\023\000w\000e\000i\000g\000h\000t\000\040\000b\000o\000u\000n\000d}{section*.44}% 35
\BOOKMARK [2][-]{section*.55}{\376\377\000C\000o\000m\000p\000a\000r\000i\000s\000o\000n\000\040\000t\000o\000\040\000n\000u\000m\000e\000r\000i\000c\000s\000\040\000a\000n\000d\000\040\000s\000c\000o\000p\000e}{section*.44}% 36
\BOOKMARK [1][-]{section*.56}{\376\377\000L\000e\000a\000r\000n\000i\000n\000g\000\040\000L\000i\000n\000d\000b\000l\000a\000d\000i\000a\000n\000\040\000D\000y\000n\000a\000m\000i\000c\000s}{section*.2}% 37
\BOOKMARK [2][-]{section*.57}{\376\377\000T\000i\000m\000e\000-\000d\000e\000p\000e\000n\000d\000e\000n\000t\000\040\000L\000i\000n\000d\000b\000l\000a\000d\000\040\000M\000a\000s\000t\000e\000r\000\040\000E\000q\000u\000a\000t\000i\000o\000n}{section*.56}% 38
\BOOKMARK [2][-]{section*.59}{\376\377\000L\000e\000a\000r\000n\000i\000n\000g\000\040\000t\000h\000e\000\040\000T\000r\000o\000t\000t\000e\000r\000i\000z\000a\000t\000i\000o\000n\000\040\000o\000f\000\040\000L\000i\000n\000d\000b\000l\000a\000d\000i\000a\000n}{section*.56}% 39
\BOOKMARK [2][-]{section*.61}{\376\377\000L\000e\000a\000r\000n\000i\000n\000g\000\040\000L\000i\000n\000d\000b\000l\000a\000d\000i\000a\000n\000\040\000d\000y\000n\000a\000m\000i\000c\000s\000\040\000f\000o\000r\000\040\000a\000\040\000l\000a\000r\000g\000e\000\040\000n\000u\000m\000b\000e\000r\000\040\000o\000f\000\040\000q\000u\000b\000i\000t\000s}{section*.56}% 40
\BOOKMARK [1][-]{section*.64}{\376\377\000Q\000u\000a\000n\000t\000u\000m\000\040\000S\000y\000s\000t\000e\000m\000\040\000c\000o\000u\000p\000l\000e\000d\000\040\000t\000o\000\040\000B\000a\000t\000h\000s}{section*.2}% 41
\BOOKMARK [2][-]{section*.65}{\376\377\000S\000e\000t\000u\000p\000\040\000f\000o\000r\000\040\000L\000e\000a\000r\000n\000i\000n\000g\000\040\000a\000n\000\040\000O\000p\000e\000n\000-\000s\000y\000s\000t\000e\000m\000\040\000c\000o\000u\000p\000l\000e\000d\000\040\000t\000o\000\040\000a\000\040\000b\000a\000t\000h}{section*.64}% 42
\BOOKMARK [2][-]{section*.66}{\376\377\000R\000e\000s\000u\000l\000t\000s}{section*.64}% 43
\BOOKMARK [1][-]{section*.68}{\376\377\000C\000o\000n\000c\000l\000u\000s\000i\000o\000n}{section*.2}% 44
\BOOKMARK [1][-]{section*.69}{\376\377\000R\000e\000f\000e\000r\000e\000n\000c\000e\000s}{section*.2}% 45
